<?xml version="1.0" encoding="UTF-8"?>
<!-- Generated by org.testng.reporters.JUnitReportReporter -->
<testsuite skipped="0" hostname="3099ea40c5bb" name="com.newtours.tests.BookFlightTest" tests="10" failures="0" timestamp="24 Sep 2022 08:04:01 GMT" time="40.546" errors="0">
  <testcase name="findFlightPage" time="0.638" classname="com.newtours.tests.BookFlightTest"/>
  <testcase name="findFlightPage" time="0.663" classname="com.newtours.tests.BookFlightTest"/>
  <testcase name="registrationConfirmationPage" time="2.748" classname="com.newtours.tests.BookFlightTest"/>
  <testcase name="registrationPage" time="14.716" classname="com.newtours.tests.BookFlightTest"/>
  <testcase name="flightConfirmationPage" time="0.313" classname="com.newtours.tests.BookFlightTest"/>
  <testcase name="registrationPage" time="15.857" classname="com.newtours.tests.BookFlightTest"/>
  <testcase name="flightDetailsPage" time="1.688" classname="com.newtours.tests.BookFlightTest"/>
  <testcase name="flightConfirmationPage" time="0.474" classname="com.newtours.tests.BookFlightTest"/>
  <testcase name="registrationConfirmationPage" time="0.521" classname="com.newtours.tests.BookFlightTest"/>
  <testcase name="flightDetailsPage" time="2.928" classname="com.newtours.tests.BookFlightTest"/>
</testsuite> <!-- com.newtours.tests.BookFlightTest -->
