<?xml version="1.0" encoding="UTF-8"?>
<!-- Generated by org.testng.reporters.JUnitReportReporter -->
<testsuite skipped="0" hostname="3099ea40c5bb" name="com.searchmodule.tests.SearchTest" tests="4" failures="0" timestamp="24 Sep 2022 08:04:00 GMT" time="32.998" errors="0">
  <testcase name="search" time="6.290" classname="com.searchmodule.tests.SearchTest"/>
  <testcase name="search" time="14.196" classname="com.searchmodule.tests.SearchTest"/>
  <testcase name="search" time="7.518" classname="com.searchmodule.tests.SearchTest"/>
  <testcase name="search" time="4.994" classname="com.searchmodule.tests.SearchTest"/>
</testsuite> <!-- com.searchmodule.tests.SearchTest -->
