<?xml version="1.0" encoding="UTF-8"?>
<!-- Generated by org.testng.reporters.JUnitReportReporter -->
<testsuite hostname="b8369efff8eb" failures="0" tests="10" name="com.newtours.tests.BookFlightTest" time="18.646" errors="0" timestamp="22 Sep 2022 09:48:04 GMT" skipped="0">
  <testcase classname="com.newtours.tests.BookFlightTest" name="flightDetailsPage" time="1.531"/>
  <testcase classname="com.newtours.tests.BookFlightTest" name="findFlightPage" time="0.500"/>
  <testcase classname="com.newtours.tests.BookFlightTest" name="registrationPage" time="4.971"/>
  <testcase classname="com.newtours.tests.BookFlightTest" name="registrationConfirmationPage" time="0.406"/>
  <testcase classname="com.newtours.tests.BookFlightTest" name="flightDetailsPage" time="1.585"/>
  <testcase classname="com.newtours.tests.BookFlightTest" name="flightConfirmationPage" time="0.249"/>
  <testcase classname="com.newtours.tests.BookFlightTest" name="registrationConfirmationPage" time="0.178"/>
  <testcase classname="com.newtours.tests.BookFlightTest" name="flightConfirmationPage" time="0.217"/>
  <testcase classname="com.newtours.tests.BookFlightTest" name="findFlightPage" time="0.410"/>
  <testcase classname="com.newtours.tests.BookFlightTest" name="registrationPage" time="8.599"/>
</testsuite> <!-- com.newtours.tests.BookFlightTest -->
