<?xml version="1.0" encoding="UTF-8"?>
<!-- Generated by org.testng.reporters.JUnitReportReporter -->
<testsuite hostname="b8369efff8eb" failures="0" tests="4" name="com.searchmodule.tests.SearchTest" time="18.869" errors="0" timestamp="22 Sep 2022 09:48:04 GMT" skipped="0">
  <testcase classname="com.searchmodule.tests.SearchTest" name="search" time="4.449"/>
  <testcase classname="com.searchmodule.tests.SearchTest" name="search" time="4.513"/>
  <testcase classname="com.searchmodule.tests.SearchTest" name="search" time="5.541"/>
  <testcase classname="com.searchmodule.tests.SearchTest" name="search" time="4.366"/>
</testsuite> <!-- com.searchmodule.tests.SearchTest -->
